Using pre-set license
Built from '2020.3/staging' branch; Version is '2020.3.22f1 (e1a7f79fd887) revision 14788599'; Using compiler version '192528614'; Build Type 'Release'
OS: 'Windows 10 Pro; OS build 18363.1556; Version 1909; 64bit' Language: 'hu' Physical Memory: 16327 MB
BatchMode: 1, IsHumanControllingUs: 0, StartBugReporterOnCrash: 0, Is64bit: 1, IsPro: 0

COMMAND LINE ARGUMENTS:
F:\Unity\2020.3.22f1\Editor\Unity.exe
-adb2
-batchMode
-noUpm
-name
AssetImportWorker0
-projectPath
Q:/MadachGameJam/MadachGame
-logFile
Logs/AssetImportWorker0.log
-srvPort
3150
Successfully changed project path to: Q:/MadachGameJam/MadachGame
Q:/MadachGameJam/MadachGame
Using Asset Import Pipeline V2.
Refreshing native plugins compatible for Editor in 52.68 ms, found 3 plugins.
Preloading 0 native plugins for Editor in 0.00 ms.
Initialize engine version: 2020.3.22f1 (e1a7f79fd887)
[Subsystems] Discovering subsystems at path F:/Unity/2020.3.22f1/Editor/Data/Resources/UnitySubsystems
[Subsystems] Discovering subsystems at path Q:/MadachGameJam/MadachGame/Assets
GfxDevice: creating device client; threaded=0
Direct3D:
    Version:  Direct3D 11.0 [level 11.1]
    Renderer: NVIDIA GeForce GTX 1060 6GB (ID=0x1c03)
    Vendor:   
    VRAM:     6052 MB
    Driver:   27.21.14.6089
Initialize mono
Mono path[0] = 'F:/Unity/2020.3.22f1/Editor/Data/Managed'
Mono path[1] = 'F:/Unity/2020.3.22f1/Editor/Data/MonoBleedingEdge/lib/mono/unityjit'
Mono config path = 'F:/Unity/2020.3.22f1/Editor/Data/MonoBleedingEdge/etc'
Using monoOptions --debugger-agent=transport=dt_socket,embedding=1,server=y,suspend=n,address=127.0.0.1:56768
Begin MonoManager ReloadAssembly
Registering precompiled unity dll's ...
Register platform support module: F:/Unity/2020.3.22f1/Editor/Data/PlaybackEngines/WindowsStandaloneSupport/UnityEditor.WindowsStandalone.Extensions.dll
Registered in 0.000984 seconds.
Native extension for WindowsStandalone target not found
Refreshing native plugins compatible for Editor in 51.55 ms, found 3 plugins.
Preloading 0 native plugins for Editor in 0.00 ms.
Mono: successfully reloaded assembly
- Completed reload, in  1.131 seconds
Domain Reload Profiling:
	ReloadAssembly (1131ms)
		BeginReloadAssembly (58ms)
			ExecutionOrderSort (0ms)
			DisableScriptedObjects (0ms)
			BackupInstance (0ms)
			ReleaseScriptingObjects (0ms)
			CreateAndSetChildDomain (1ms)
		EndReloadAssembly (557ms)
			LoadAssemblies (57ms)
			RebuildTransferFunctionScriptingTraits (0ms)
			SetupTypeCache (177ms)
			ReleaseScriptCaches (0ms)
			RebuildScriptCaches (46ms)
			SetupLoadedEditorAssemblies (216ms)
				LogAssemblyErrors (0ms)
				InitializePlatformSupportModulesInManaged (4ms)
				SetLoadedEditorAssemblies (0ms)
				RefreshPlugins (52ms)
				BeforeProcessingInitializeOnLoad (21ms)
				ProcessInitializeOnLoadAttributes (104ms)
				ProcessInitializeOnLoadMethodAttributes (34ms)
				AfterProcessingInitializeOnLoad (0ms)
				EditorAssembliesLoaded (0ms)
			ExecutionOrderSort2 (0ms)
			AwakeInstancesAfterBackupRestoration (0ms)
Platform modules already initialized, skipping
Registering precompiled user dll's ...
Registered in 0.004391 seconds.
Begin MonoManager ReloadAssembly
Native extension for WindowsStandalone target not found
Refreshing native plugins compatible for Editor in 47.30 ms, found 3 plugins.
Preloading 0 native plugins for Editor in 0.00 ms.
Mono: successfully reloaded assembly
- Completed reload, in  1.310 seconds
Domain Reload Profiling:
	ReloadAssembly (1311ms)
		BeginReloadAssembly (163ms)
			ExecutionOrderSort (0ms)
			DisableScriptedObjects (6ms)
			BackupInstance (0ms)
			ReleaseScriptingObjects (0ms)
			CreateAndSetChildDomain (22ms)
		EndReloadAssembly (1081ms)
			LoadAssemblies (102ms)
			RebuildTransferFunctionScriptingTraits (0ms)
			SetupTypeCache (345ms)
			ReleaseScriptCaches (1ms)
			RebuildScriptCaches (67ms)
			SetupLoadedEditorAssemblies (418ms)
				LogAssemblyErrors (0ms)
				InitializePlatformSupportModulesInManaged (4ms)
				SetLoadedEditorAssemblies (0ms)
				RefreshPlugins (47ms)
				BeforeProcessingInitializeOnLoad (91ms)
				ProcessInitializeOnLoadAttributes (252ms)
				ProcessInitializeOnLoadMethodAttributes (20ms)
				AfterProcessingInitializeOnLoad (2ms)
				EditorAssembliesLoaded (0ms)
			ExecutionOrderSort2 (0ms)
			AwakeInstancesAfterBackupRestoration (8ms)
Platform modules already initialized, skipping
========================================================================
Worker process is ready to serve import requests
Launched and connected shader compiler UnityShaderCompiler.exe after 0.08 seconds
Refreshing native plugins compatible for Editor in 0.60 ms, found 3 plugins.
Preloading 0 native plugins for Editor in 0.00 ms.
Unloading 2190 Unused Serialized files (Serialized files now loaded: 0)
System memory in use before: 95.7 MB.
System memory in use after: 95.7 MB.

Unloading 28 unused Assets to reduce memory usage. Loaded Objects now: 2624.
Total: 3.705600 ms (FindLiveObjects: 0.173700 ms CreateObjectMapping: 0.088100 ms MarkObjects: 3.366600 ms  DeleteObjects: 0.076100 ms)

AssetImportParameters requested are different than current active one (requested -> active):
  custom:framework-win-MediaFoundation: 216162199b28c13a410421893ffa2e32 -> 
  custom:video-decoder-ogg-theora: a1e56fd34408186e4bbccfd4996cb3dc -> 
  custom:container-muxer-webm: aa71ff27fc2769a1b78a27578f13a17b -> 
  custom:container-demuxer-webm: 4f35f7cbe854078d1ac9338744f61a02 -> 
  custom:container-demuxer-ogg: 62fdf1f143b41e24485cea50d1cbac27 -> 
  custom:video-encoder-webm-vp8: eb34c28f22e8b96e1ab97ce403110664 -> 
  custom:video-decoder-webm-vp8: 9c59270c3fd7afecdb556c50c9e8de78 -> 
  custom:audio-decoder-ogg-vorbis: bf7c407c2cedff20999df2af8eb42d56 -> 
  custom:audio-encoder-webm-vorbis: bf7c407c2cedff20999df2af8eb42d56 -> 
========================================================================
Received Import Request.
  path: Assets/Scripts
  artifactKey: Guid(70c6515d4bfd8bd4b83512a67b267ff7) Importer(815301076,1909f56bfc062723c751e8b465ee728b)
Start importing Assets/Scripts using Guid(70c6515d4bfd8bd4b83512a67b267ff7) Importer(815301076,1909f56bfc062723c751e8b465ee728b)  -> (artifact id: '66b2d7d3c6ef2555f2c6ffc133338a74') in 0.010387 seconds 
  Import took 0.014026 seconds .

========================================================================
Received Import Request.
  Time since last request: 1.539977 seconds.
  path: Assets/Scripts/Tile.cs
  artifactKey: Guid(058622cc1078eb14fa4fd83785deeb4f) Importer(815301076,1909f56bfc062723c751e8b465ee728b)
Start importing Assets/Scripts/Tile.cs using Guid(058622cc1078eb14fa4fd83785deeb4f) Importer(815301076,1909f56bfc062723c751e8b465ee728b)  -> (artifact id: '478f87689b1255e7c50644f16c204b0d') in 0.161950 seconds 
  Import took 0.165643 seconds .

========================================================================
Received Prepare
Refreshing native plugins compatible for Editor in 5.81 ms, found 3 plugins.
Preloading 0 native plugins for Editor in 0.00 ms.
Unloading 15 Unused Serialized files (Serialized files now loaded: 0)
System memory in use before: 52.1 MB.
System memory in use after: 52.2 MB.

Unloading 15 unused Assets to reduce memory usage. Loaded Objects now: 2624.
Total: 5.121800 ms (FindLiveObjects: 0.218500 ms CreateObjectMapping: 0.098000 ms MarkObjects: 4.779500 ms  DeleteObjects: 0.024600 ms)

AssetImportParameters requested are different than current active one (requested -> active):
  custom:framework-win-MediaFoundation: 216162199b28c13a410421893ffa2e32 -> 
  custom:video-decoder-ogg-theora: a1e56fd34408186e4bbccfd4996cb3dc -> 
  custom:container-muxer-webm: aa71ff27fc2769a1b78a27578f13a17b -> 
  custom:container-demuxer-webm: 4f35f7cbe854078d1ac9338744f61a02 -> 
  custom:container-demuxer-ogg: 62fdf1f143b41e24485cea50d1cbac27 -> 
  custom:video-encoder-webm-vp8: eb34c28f22e8b96e1ab97ce403110664 -> 
  custom:video-decoder-webm-vp8: 9c59270c3fd7afecdb556c50c9e8de78 -> 
  custom:audio-decoder-ogg-vorbis: bf7c407c2cedff20999df2af8eb42d56 -> 
  custom:audio-encoder-webm-vorbis: bf7c407c2cedff20999df2af8eb42d56 -> 
========================================================================
Received Import Request.
  Time since last request: 53.012650 seconds.
  path: Assets/Scripts/TileField.cs
  artifactKey: Guid(127d17cec35c2ef479c9accc3a28f925) Importer(815301076,1909f56bfc062723c751e8b465ee728b)
Start importing Assets/Scripts/TileField.cs using Guid(127d17cec35c2ef479c9accc3a28f925) Importer(815301076,1909f56bfc062723c751e8b465ee728b)  -> (artifact id: '214896cbb2d41c6f8454a6bae39b0f3c') in 0.011365 seconds 
  Import took 0.015997 seconds .

========================================================================
Received Import Request.
  Time since last request: 76.256825 seconds.
  path: Assets/Scripts/QuizQuestion.cs
  artifactKey: Guid(fcdacf08f0991a841adb95bc9b1b3275) Importer(815301076,1909f56bfc062723c751e8b465ee728b)
Start importing Assets/Scripts/QuizQuestion.cs using Guid(fcdacf08f0991a841adb95bc9b1b3275) Importer(815301076,1909f56bfc062723c751e8b465ee728b)  -> (artifact id: '30488172dce1cb4bba7ffcd03f96ee19') in 0.010762 seconds 
  Import took 0.015594 seconds .

========================================================================
Received Import Request.
  Time since last request: 1.448959 seconds.
  path: Assets/Scripts/QuizManager.cs
  artifactKey: Guid(606d57c1a3c07c14cad8abab4b5caaa4) Importer(815301076,1909f56bfc062723c751e8b465ee728b)
Start importing Assets/Scripts/QuizManager.cs using Guid(606d57c1a3c07c14cad8abab4b5caaa4) Importer(815301076,1909f56bfc062723c751e8b465ee728b)  -> (artifact id: 'cf0ec685ca98f651af2437fb6bbdd90b') in 0.008626 seconds 
  Import took 0.012489 seconds .

========================================================================
Received Import Request.
  Time since last request: 3.750276 seconds.
  path: Assets/Scripts/QuizButton.cs
  artifactKey: Guid(6eb4de4204550a642aeec89576a03bbc) Importer(815301076,1909f56bfc062723c751e8b465ee728b)
Start importing Assets/Scripts/QuizButton.cs using Guid(6eb4de4204550a642aeec89576a03bbc) Importer(815301076,1909f56bfc062723c751e8b465ee728b)  -> (artifact id: 'dae34ecf044595e6e687ab3f6d4b878c') in 0.009901 seconds 
  Import took 0.013688 seconds .

========================================================================
Received Import Request.
  Time since last request: 2.705988 seconds.
  path: Assets/Scripts/QuestionsDB.cs
  artifactKey: Guid(f207c13fc8055564ca1f5e5246c89d13) Importer(815301076,1909f56bfc062723c751e8b465ee728b)
Start importing Assets/Scripts/QuestionsDB.cs using Guid(f207c13fc8055564ca1f5e5246c89d13) Importer(815301076,1909f56bfc062723c751e8b465ee728b)  -> (artifact id: 'c560712a8c89abfc4d180e35ce5d1d4b') in 0.007614 seconds 
  Import took 0.011809 seconds .

========================================================================
Received Import Request.
  Time since last request: 2778.671259 seconds.
  path: Assets/Scripts/QuestionsDB.cs
  artifactKey: Guid(f207c13fc8055564ca1f5e5246c89d13) Importer(815301076,1909f56bfc062723c751e8b465ee728b)
Start importing Assets/Scripts/QuestionsDB.cs using Guid(f207c13fc8055564ca1f5e5246c89d13) Importer(815301076,1909f56bfc062723c751e8b465ee728b)  -> (artifact id: '8c4827a5bc3f1e474c1e4377e2ff49f7') in 0.071408 seconds 
  Import took 0.101581 seconds .

========================================================================
Received Prepare
Registering precompiled user dll's ...
Registered in 0.004968 seconds.
Begin MonoManager ReloadAssembly
Native extension for WindowsStandalone target not found
Refreshing native plugins compatible for Editor in 0.53 ms, found 3 plugins.
Preloading 0 native plugins for Editor in 0.00 ms.
Mono: successfully reloaded assembly
- Completed reload, in  1.533 seconds
Domain Reload Profiling:
	ReloadAssembly (1534ms)
		BeginReloadAssembly (276ms)
			ExecutionOrderSort (0ms)
			DisableScriptedObjects (22ms)
			BackupInstance (0ms)
			ReleaseScriptingObjects (0ms)
			CreateAndSetChildDomain (138ms)
		EndReloadAssembly (1179ms)
			LoadAssemblies (143ms)
			RebuildTransferFunctionScriptingTraits (0ms)
			SetupTypeCache (388ms)
			ReleaseScriptCaches (2ms)
			RebuildScriptCaches (92ms)
			SetupLoadedEditorAssemblies (396ms)
				LogAssemblyErrors (0ms)
				InitializePlatformSupportModulesInManaged (7ms)
				SetLoadedEditorAssemblies (1ms)
				RefreshPlugins (1ms)
				BeforeProcessingInitializeOnLoad (106ms)
				ProcessInitializeOnLoadAttributes (266ms)
				ProcessInitializeOnLoadMethodAttributes (14ms)
				AfterProcessingInitializeOnLoad (2ms)
				EditorAssembliesLoaded (0ms)
			ExecutionOrderSort2 (0ms)
			AwakeInstancesAfterBackupRestoration (11ms)
Platform modules already initialized, skipping
Refreshing native plugins compatible for Editor in 0.64 ms, found 3 plugins.
Preloading 0 native plugins for Editor in 0.00 ms.
Unloading 2179 Unused Serialized files (Serialized files now loaded: 0)
System memory in use before: 95.0 MB.
System memory in use after: 95.1 MB.

Unloading 17 unused Assets to reduce memory usage. Loaded Objects now: 2626.
Total: 3.635200 ms (FindLiveObjects: 0.183500 ms CreateObjectMapping: 0.089400 ms MarkObjects: 3.332700 ms  DeleteObjects: 0.028400 ms)

AssetImportParameters requested are different than current active one (requested -> active):
  custom:framework-win-MediaFoundation: 216162199b28c13a410421893ffa2e32 -> 
  custom:video-decoder-ogg-theora: a1e56fd34408186e4bbccfd4996cb3dc -> 
  custom:container-muxer-webm: aa71ff27fc2769a1b78a27578f13a17b -> 
  custom:container-demuxer-webm: 4f35f7cbe854078d1ac9338744f61a02 -> 
  custom:container-demuxer-ogg: 62fdf1f143b41e24485cea50d1cbac27 -> 
  custom:video-encoder-webm-vp8: eb34c28f22e8b96e1ab97ce403110664 -> 
  custom:video-decoder-webm-vp8: 9c59270c3fd7afecdb556c50c9e8de78 -> 
  custom:audio-decoder-ogg-vorbis: bf7c407c2cedff20999df2af8eb42d56 -> 
  custom:audio-encoder-webm-vorbis: bf7c407c2cedff20999df2af8eb42d56 -> 
AssetImportWorkerClient::OnTransportError - code=2 error=End of file
